0 info it worked if it ends with ok
1 verbose cli [ 'node',
1 verbose cli   '/usr/local/bin/npm',
1 verbose cli   'version',
1 verbose cli   'minor',
1 verbose cli   '-m',
1 verbose cli   'Release %s' ]
2 info using npm@2.11.2
3 info using node@v0.12.5
4 verbose node symlink /usr/local/bin/node
5 info preversion sledge@0.1.0
6 info git [ 'status', '--porcelain' ]
7 verbose stack Error: Error: Git working directory not clean.
7 verbose stack M Makefile
7 verbose stack M package.json
7 verbose stack D sledge.coffee
7 verbose stack     at /usr/local/lib/node_modules/npm/lib/version.js:71:23
7 verbose stack     at /usr/local/lib/node_modules/npm/lib/version.js:151:34
7 verbose stack     at ChildProcess.exithandler (child_process.js:742:7)
7 verbose stack     at ChildProcess.emit (events.js:110:17)
7 verbose stack     at maybeClose (child_process.js:1015:16)
7 verbose stack     at Socket.<anonymous> (child_process.js:1183:11)
7 verbose stack     at Socket.emit (events.js:107:17)
7 verbose stack     at Pipe.close (net.js:485:12)
8 verbose cwd /Users/kvz/code/sledge
9 error Darwin 14.5.0
10 error argv "node" "/usr/local/bin/npm" "version" "minor" "-m" "Release %s"
11 error node v0.12.5
12 error npm  v2.11.2
13 error Error: Git working directory not clean.
13 error M Makefile
13 error M package.json
13 error D sledge.coffee
14 error If you need help, you may report this error at:
14 error     <https://github.com/npm/npm/issues>
15 verbose exit [ 1, true ]
